#! /usr/bin/vvp
:ivl_version "11.0 (stable)";
:ivl_delay_selection "TYPICAL";
:vpi_time_precision - 11;
:vpi_module "/usr/lib/x86_64-linux-gnu/ivl/system.vpi";
:vpi_module "/usr/lib/x86_64-linux-gnu/ivl/vhdl_sys.vpi";
:vpi_module "/usr/lib/x86_64-linux-gnu/ivl/vhdl_textio.vpi";
:vpi_module "/usr/lib/x86_64-linux-gnu/ivl/v2005_math.vpi";
:vpi_module "/usr/lib/x86_64-linux-gnu/ivl/va_math.vpi";
S_0x557607463d10 .scope module, "alu_tb" "alu_tb" 2 3;
 .timescale -9 -11;
v0x55760748e650_0 .var "error", 0 0;
v0x55760748e730_0 .var "error_R", 0 0;
v0x55760748e7f0_0 .var "error_c", 0 0;
v0x55760748e890_0 .var "error_s", 0 0;
v0x55760748e950_0 .var "error_z", 0 0;
v0x55760748ea10_0 .var/i "errores", 31 0;
v0x55760748eaf0_0 .var "t_A", 3 0;
v0x55760748ebb0_0 .var "t_B", 3 0;
v0x55760748ed00_0 .var "t_Op", 2 0;
v0x55760748ee50_0 .net "t_R", 3 0, v0x557607482620_0;  1 drivers
v0x55760748efa0_0 .net "t_c", 0 0, L_0x5576074a1c90;  1 drivers
v0x55760748f040_0 .var "t_cin", 0 0;
v0x55760748f0e0_0 .net "t_s", 0 0, L_0x5576074a44c0;  1 drivers
v0x55760748f1d0_0 .net "t_z", 0 0, L_0x5576074a43d0;  1 drivers
S_0x55760744e5c0 .scope task, "check" "check" 2 54, 2 54 0, S_0x557607463d10;
 .timescale -9 -11;
v0x557607440ff0_0 .var "expected_R", 4 0;
v0x557607438f90_0 .var "expected_c", 0 0;
v0x557607438c90_0 .var "expected_s", 0 0;
v0x55760742d830_0 .var "expected_z", 0 0;
TD_alu_tb.check ;
    %vpi_call 2 59 "$write", "tiempo=%0d A=%b B=%b c_in=%b OP=%b R=%b, Z=%b, C=%b, S=%b.", $time, v0x55760748eaf0_0, v0x55760748ebb0_0, v0x55760748f040_0, v0x55760748ed00_0, v0x55760748ee50_0, v0x55760748f1d0_0, v0x55760748efa0_0, v0x55760748f0e0_0 {0 0 0};
    %load/vec4 v0x55760748ed00_0;
    %dup/vec4;
    %pushi/vec4 0, 0, 3;
    %cmp/u;
    %jmp/1 T_0.0, 6;
    %dup/vec4;
    %pushi/vec4 1, 0, 3;
    %cmp/u;
    %jmp/1 T_0.1, 6;
    %dup/vec4;
    %pushi/vec4 2, 0, 3;
    %cmp/u;
    %jmp/1 T_0.2, 6;
    %dup/vec4;
    %pushi/vec4 3, 0, 3;
    %cmp/u;
    %jmp/1 T_0.3, 6;
    %dup/vec4;
    %pushi/vec4 4, 0, 3;
    %cmp/u;
    %jmp/1 T_0.4, 6;
    %dup/vec4;
    %pushi/vec4 5, 0, 3;
    %cmp/u;
    %jmp/1 T_0.5, 6;
    %dup/vec4;
    %pushi/vec4 6, 0, 3;
    %cmp/u;
    %jmp/1 T_0.6, 6;
    %dup/vec4;
    %pushi/vec4 7, 0, 3;
    %cmp/u;
    %jmp/1 T_0.7, 6;
    %vpi_call 2 69 "$display", "ERROR. Valor no esperado para t_Op: %b", v0x55760748ed00_0 {0 0 0};
    %jmp T_0.9;
T_0.0 ;
    %load/vec4 v0x55760748eaf0_0;
    %pad/u 5;
    %load/vec4 v0x55760748f040_0;
    %pad/u 5;
    %add;
    %store/vec4 v0x557607440ff0_0, 0, 5;
    %jmp T_0.9;
T_0.1 ;
    %load/vec4 v0x55760748eaf0_0;
    %pad/u 5;
    %pushi/vec4 15, 0, 5;
    %xor;
    %addi 1, 0, 5;
    %load/vec4 v0x55760748f040_0;
    %pad/u 5;
    %add;
    %store/vec4 v0x557607440ff0_0, 0, 5;
    %jmp T_0.9;
T_0.2 ;
    %load/vec4 v0x55760748eaf0_0;
    %pad/u 5;
    %load/vec4 v0x55760748ebb0_0;
    %pad/u 5;
    %add;
    %load/vec4 v0x55760748f040_0;
    %pad/u 5;
    %add;
    %store/vec4 v0x557607440ff0_0, 0, 5;
    %jmp T_0.9;
T_0.3 ;
    %load/vec4 v0x55760748eaf0_0;
    %pad/u 5;
    %addi 1, 0, 5;
    %load/vec4 v0x55760748f040_0;
    %pad/u 5;
    %add;
    %store/vec4 v0x557607440ff0_0, 0, 5;
    %jmp T_0.9;
T_0.4 ;
    %load/vec4 v0x55760748eaf0_0;
    %pad/u 5;
    %load/vec4 v0x55760748ebb0_0;
    %pad/u 5;
    %and;
    %store/vec4 v0x557607440ff0_0, 0, 5;
    %jmp T_0.9;
T_0.5 ;
    %load/vec4 v0x55760748eaf0_0;
    %pad/u 5;
    %load/vec4 v0x55760748ebb0_0;
    %pad/u 5;
    %or;
    %store/vec4 v0x557607440ff0_0, 0, 5;
    %jmp T_0.9;
T_0.6 ;
    %load/vec4 v0x55760748eaf0_0;
    %pad/u 5;
    %load/vec4 v0x55760748ebb0_0;
    %pad/u 5;
    %xor;
    %store/vec4 v0x557607440ff0_0, 0, 5;
    %jmp T_0.9;
T_0.7 ;
    %load/vec4 v0x55760748eaf0_0;
    %inv;
    %ix/load 4, 0, 0;
    %flag_set/imm 4, 0;
    %store/vec4 v0x557607440ff0_0, 4, 4;
    %jmp T_0.9;
T_0.9 ;
    %pop/vec4 1;
    %load/vec4 v0x55760748ed00_0;
    %parti/s 1, 2, 3;
    %flag_set/vec4 8;
    %jmp/0xz  T_0.10, 8;
    %pushi/vec4 0, 0, 1;
    %store/vec4 v0x557607438f90_0, 0, 1;
    %load/vec4 v0x557607440ff0_0;
    %parti/s 1, 3, 3;
    %store/vec4 v0x557607438c90_0, 0, 1;
    %pushi/vec4 0, 0, 1;
    %store/vec4 v0x55760748e890_0, 0, 1;
    %pushi/vec4 0, 0, 1;
    %store/vec4 v0x55760748e7f0_0, 0, 1;
    %jmp T_0.11;
T_0.10 ;
    %load/vec4 v0x557607440ff0_0;
    %parti/s 1, 4, 4;
    %store/vec4 v0x557607438f90_0, 0, 1;
    %load/vec4 v0x557607440ff0_0;
    %parti/s 1, 3, 3;
    %store/vec4 v0x557607438c90_0, 0, 1;
    %load/vec4 v0x557607438c90_0;
    %load/vec4 v0x55760748f0e0_0;
    %cmp/ne;
    %flag_get/vec4 6;
    %store/vec4 v0x55760748e890_0, 0, 1;
    %load/vec4 v0x557607438f90_0;
    %load/vec4 v0x55760748efa0_0;
    %cmp/ne;
    %flag_get/vec4 6;
    %store/vec4 v0x55760748e7f0_0, 0, 1;
T_0.11 ;
    %load/vec4 v0x557607440ff0_0;
    %parti/s 4, 0, 2;
    %nor/r;
    %store/vec4 v0x55760742d830_0, 0, 1;
    %load/vec4 v0x557607440ff0_0;
    %parti/s 4, 0, 2;
    %load/vec4 v0x55760748ee50_0;
    %cmp/ne;
    %flag_get/vec4 6;
    %store/vec4 v0x55760748e730_0, 0, 1;
    %load/vec4 v0x55760742d830_0;
    %load/vec4 v0x55760748f1d0_0;
    %cmp/ne;
    %flag_get/vec4 6;
    %store/vec4 v0x55760748e950_0, 0, 1;
    %load/vec4 v0x55760748e730_0;
    %load/vec4 v0x55760748e950_0;
    %or;
    %load/vec4 v0x55760748e890_0;
    %or;
    %load/vec4 v0x55760748e7f0_0;
    %or;
    %store/vec4 v0x55760748e650_0, 0, 1;
    %load/vec4 v0x55760748e650_0;
    %flag_set/vec4 8;
    %jmp/0xz  T_0.12, 8;
    %load/vec4 v0x55760748ea10_0;
    %addi 1, 0, 32;
    %store/vec4 v0x55760748ea10_0, 0, 32;
    %vpi_call 2 94 "$display", " ---- ERROR" {0 0 0};
    %load/vec4 v0x55760748e730_0;
    %flag_set/vec4 8;
    %jmp/0xz  T_0.14, 8;
    %vpi_call 2 96 "$display", "\011Resultado esperado %b, obtenido %b", &PV<v0x557607440ff0_0, 0, 4>, v0x55760748ee50_0 {0 0 0};
T_0.14 ;
    %load/vec4 v0x55760748e950_0;
    %flag_set/vec4 8;
    %jmp/0xz  T_0.16, 8;
    %vpi_call 2 98 "$display", "\011Flag de cero esperado %b, obtenido %b", v0x55760742d830_0, v0x55760748f1d0_0 {0 0 0};
T_0.16 ;
    %load/vec4 v0x55760748e890_0;
    %flag_set/vec4 8;
    %jmp/0xz  T_0.18, 8;
    %vpi_call 2 100 "$display", "\011Flag de signo esperado %b, obtenido %b", v0x557607438c90_0, v0x55760748f0e0_0 {0 0 0};
T_0.18 ;
    %load/vec4 v0x55760748e7f0_0;
    %flag_set/vec4 8;
    %jmp/0xz  T_0.20, 8;
    %vpi_call 2 102 "$display", "\011Flag de acarreo esperado %b, obtenido %b", v0x557607438f90_0, v0x55760748efa0_0 {0 0 0};
T_0.20 ;
    %jmp T_0.13;
T_0.12 ;
    %vpi_call 2 105 "$display", " ---- OK" {0 0 0};
T_0.13 ;
    %end;
S_0x557607481760 .scope module, "mat" "alu" 2 16, 3 1 0, S_0x557607463d10;
 .timescale -9 -11;
    .port_info 0 /OUTPUT 4 "R";
    .port_info 1 /OUTPUT 1 "zero";
    .port_info 2 /OUTPUT 1 "carry";
    .port_info 3 /OUTPUT 1 "sign";
    .port_info 4 /INPUT 4 "A";
    .port_info 5 /INPUT 4 "B";
    .port_info 6 /INPUT 1 "c_in";
    .port_info 7 /INPUT 3 "Op";
v0x55760748dae0_0 .net "A", 3 0, v0x55760748eaf0_0;  1 drivers
v0x55760748dc50_0 .net "B", 3 0, v0x55760748ebb0_0;  1 drivers
v0x55760748dd10_0 .net "OP1", 3 0, v0x55760748cf40_0;  1 drivers
v0x55760748ddb0_0 .net "OP2", 3 0, v0x55760748d120_0;  1 drivers
v0x55760748dec0_0 .net "Op", 2 0, v0x55760748ed00_0;  1 drivers
v0x55760748dfd0_0 .net "R", 3 0, v0x557607482620_0;  alias, 1 drivers
v0x55760748e070_0 .net "c_in", 0 0, v0x55760748f040_0;  1 drivers
v0x55760748e110_0 .net "carry", 0 0, L_0x5576074a1c90;  alias, 1 drivers
v0x55760748e1b0_0 .net "sign", 0 0, L_0x5576074a44c0;  alias, 1 drivers
v0x55760748e310_0 .net "suma_out", 3 0, L_0x5576074a1a10;  1 drivers
v0x55760748e3b0_0 .net "ul_out", 3 0, L_0x5576074a3bf0;  1 drivers
v0x55760748e4a0_0 .net "zero", 0 0, L_0x5576074a43d0;  alias, 1 drivers
L_0x5576074a3fa0 .part v0x55760748ed00_0, 0, 2;
L_0x5576074a4040 .part v0x55760748ed00_0, 2, 1;
S_0x557607481a80 .scope module, "Cero" "cero" 3 8, 4 1 0, S_0x557607481760;
 .timescale -9 -11;
    .port_info 0 /OUTPUT 1 "resultado";
    .port_info 1 /INPUT 4 "R";
v0x55760742db30_0 .net "R", 3 0, v0x557607482620_0;  alias, 1 drivers
L_0x7f99e072d498 .functor BUFT 1, C4<0000>, C4<0>, C4<0>, C4<0>;
v0x557607442060_0 .net/2u *"_ivl_0", 3 0, L_0x7f99e072d498;  1 drivers
v0x557607481d20_0 .net *"_ivl_2", 0 0, L_0x5576074a41f0;  1 drivers
L_0x7f99e072d4e0 .functor BUFT 1, C4<01>, C4<0>, C4<0>, C4<0>;
v0x557607481dc0_0 .net/2s *"_ivl_4", 1 0, L_0x7f99e072d4e0;  1 drivers
L_0x7f99e072d528 .functor BUFT 1, C4<00>, C4<0>, C4<0>, C4<0>;
v0x557607481ea0_0 .net/2s *"_ivl_6", 1 0, L_0x7f99e072d528;  1 drivers
v0x557607481fd0_0 .net *"_ivl_8", 1 0, L_0x5576074a4290;  1 drivers
v0x5576074820b0_0 .net "resultado", 0 0, L_0x5576074a43d0;  alias, 1 drivers
L_0x5576074a41f0 .cmp/eq 4, v0x557607482620_0, L_0x7f99e072d498;
L_0x5576074a4290 .functor MUXZ 2, L_0x7f99e072d528, L_0x7f99e072d4e0, L_0x5576074a41f0, C4<>;
L_0x5576074a43d0 .part L_0x5576074a4290, 0, 1;
S_0x5576074821d0 .scope module, "Resultado" "mux2_4" 3 7, 5 1 0, S_0x557607481760;
 .timescale -9 -11;
    .port_info 0 /OUTPUT 4 "Out";
    .port_info 1 /INPUT 4 "A";
    .port_info 2 /INPUT 4 "B";
    .port_info 3 /INPUT 1 "s";
v0x557607482440_0 .net "A", 3 0, L_0x5576074a1a10;  alias, 1 drivers
v0x557607482540_0 .net "B", 3 0, L_0x5576074a3bf0;  alias, 1 drivers
v0x557607482620_0 .var "Out", 3 0;
v0x5576074826c0_0 .net "s", 0 0, L_0x5576074a4040;  1 drivers
E_0x557607427ab0 .event edge, v0x5576074826c0_0, v0x557607482540_0, v0x557607482440_0;
S_0x5576074827e0 .scope module, "Sign" "senal" 3 9, 6 1 0, S_0x557607481760;
 .timescale -9 -11;
    .port_info 0 /OUTPUT 1 "sign";
    .port_info 1 /INPUT 4 "R";
v0x5576074829c0_0 .net "R", 3 0, v0x557607482620_0;  alias, 1 drivers
v0x557607482af0_0 .net "sign", 0 0, L_0x5576074a44c0;  alias, 1 drivers
L_0x5576074a44c0 .part v0x557607482620_0, 3, 1;
S_0x557607482c10 .scope module, "Suma" "sum4_v2" 3 5, 7 1 0, S_0x557607481760;
 .timescale -9 -11;
    .port_info 0 /OUTPUT 4 "S";
    .port_info 1 /OUTPUT 1 "c_out";
    .port_info 2 /INPUT 4 "A";
    .port_info 3 /INPUT 4 "B";
    .port_info 4 /INPUT 1 "c_in";
v0x557607482e70_0 .net "A", 3 0, v0x55760748cf40_0;  alias, 1 drivers
v0x557607482f50_0 .net "B", 3 0, v0x55760748d120_0;  alias, 1 drivers
v0x557607483030_0 .net "S", 3 0, L_0x5576074a1a10;  alias, 1 drivers
v0x557607483130_0 .net *"_ivl_0", 0 0, L_0x55760749f960;  1 drivers
L_0x7f99e072d138 .functor BUFT 1, C4<0>, C4<0>, C4<0>, C4<0>;
v0x5576074831f0_0 .net *"_ivl_10", 0 0, L_0x7f99e072d138;  1 drivers
v0x557607483320_0 .net *"_ivl_12", 0 0, L_0x55760749fc30;  1 drivers
v0x557607483400_0 .net *"_ivl_13", 1 0, L_0x55760749fcd0;  1 drivers
L_0x7f99e072d180 .functor BUFT 1, C4<0>, C4<0>, C4<0>, C4<0>;
v0x5576074834e0_0 .net *"_ivl_16", 0 0, L_0x7f99e072d180;  1 drivers
v0x5576074835c0_0 .net *"_ivl_17", 1 0, L_0x55760749fe50;  1 drivers
v0x5576074836a0_0 .net *"_ivl_19", 1 0, L_0x5576074a0000;  1 drivers
L_0x7f99e072d1c8 .functor BUFT 1, C4<0>, C4<0>, C4<0>, C4<0>;
v0x557607483780_0 .net *"_ivl_22", 0 0, L_0x7f99e072d1c8;  1 drivers
v0x557607483860_0 .net *"_ivl_23", 1 0, L_0x5576074a0140;  1 drivers
v0x557607483940_0 .net *"_ivl_25", 0 0, L_0x5576074a0380;  1 drivers
v0x557607483a20_0 .net *"_ivl_31", 0 0, L_0x5576074a0420;  1 drivers
v0x557607483b00_0 .net *"_ivl_32", 1 0, L_0x5576074a05c0;  1 drivers
L_0x7f99e072d210 .functor BUFT 1, C4<0>, C4<0>, C4<0>, C4<0>;
v0x557607483be0_0 .net *"_ivl_35", 0 0, L_0x7f99e072d210;  1 drivers
v0x557607483cc0_0 .net *"_ivl_37", 0 0, L_0x5576074a06b0;  1 drivers
v0x557607483da0_0 .net *"_ivl_38", 1 0, L_0x5576074a0860;  1 drivers
L_0x7f99e072d258 .functor BUFT 1, C4<0>, C4<0>, C4<0>, C4<0>;
v0x557607483e80_0 .net *"_ivl_41", 0 0, L_0x7f99e072d258;  1 drivers
v0x557607483f60_0 .net *"_ivl_42", 1 0, L_0x5576074a09e0;  1 drivers
v0x557607484040_0 .net *"_ivl_44", 1 0, L_0x5576074a0b60;  1 drivers
L_0x7f99e072d2a0 .functor BUFT 1, C4<0>, C4<0>, C4<0>, C4<0>;
v0x557607484120_0 .net *"_ivl_47", 0 0, L_0x7f99e072d2a0;  1 drivers
v0x557607484200_0 .net *"_ivl_48", 1 0, L_0x5576074a0ca0;  1 drivers
v0x5576074842e0_0 .net *"_ivl_50", 0 0, L_0x5576074a0f20;  1 drivers
v0x5576074843c0_0 .net *"_ivl_56", 0 0, L_0x5576074a0de0;  1 drivers
v0x5576074844a0_0 .net *"_ivl_57", 1 0, L_0x5576074a10c0;  1 drivers
v0x557607484580_0 .net *"_ivl_6", 0 0, L_0x55760749fa00;  1 drivers
L_0x7f99e072d2e8 .functor BUFT 1, C4<0>, C4<0>, C4<0>, C4<0>;
v0x557607484660_0 .net *"_ivl_60", 0 0, L_0x7f99e072d2e8;  1 drivers
v0x557607484740_0 .net *"_ivl_62", 0 0, L_0x5576074a12c0;  1 drivers
v0x557607484820_0 .net *"_ivl_63", 1 0, L_0x5576074a1360;  1 drivers
L_0x7f99e072d330 .functor BUFT 1, C4<0>, C4<0>, C4<0>, C4<0>;
v0x557607484900_0 .net *"_ivl_66", 0 0, L_0x7f99e072d330;  1 drivers
v0x5576074849e0_0 .net *"_ivl_67", 1 0, L_0x5576074a1570;  1 drivers
v0x557607484ac0_0 .net *"_ivl_69", 1 0, L_0x5576074a16b0;  1 drivers
v0x557607484db0_0 .net *"_ivl_7", 1 0, L_0x55760749faa0;  1 drivers
L_0x7f99e072d378 .functor BUFT 1, C4<0>, C4<0>, C4<0>, C4<0>;
v0x557607484e90_0 .net *"_ivl_72", 0 0, L_0x7f99e072d378;  1 drivers
v0x557607484f70_0 .net *"_ivl_73", 1 0, L_0x5576074a18d0;  1 drivers
v0x557607485050_0 .net *"_ivl_75", 0 0, L_0x5576074a1d30;  1 drivers
v0x557607485130_0 .net *"_ivl_82", 0 0, L_0x5576074a1f70;  1 drivers
v0x557607485210_0 .net *"_ivl_83", 1 0, L_0x5576074a2010;  1 drivers
L_0x7f99e072d3c0 .functor BUFT 1, C4<0>, C4<0>, C4<0>, C4<0>;
v0x5576074852f0_0 .net *"_ivl_86", 0 0, L_0x7f99e072d3c0;  1 drivers
v0x5576074853d0_0 .net *"_ivl_88", 0 0, L_0x5576074a2260;  1 drivers
v0x5576074854b0_0 .net *"_ivl_89", 1 0, L_0x5576074a2300;  1 drivers
L_0x7f99e072d408 .functor BUFT 1, C4<0>, C4<0>, C4<0>, C4<0>;
v0x557607485590_0 .net *"_ivl_92", 0 0, L_0x7f99e072d408;  1 drivers
v0x557607485670_0 .net *"_ivl_93", 1 0, L_0x5576074a2560;  1 drivers
v0x557607485750_0 .net *"_ivl_95", 1 0, L_0x5576074a26a0;  1 drivers
L_0x7f99e072d450 .functor BUFT 1, C4<0>, C4<0>, C4<0>, C4<0>;
v0x557607485830_0 .net *"_ivl_98", 0 0, L_0x7f99e072d450;  1 drivers
v0x557607485910_0 .net *"_ivl_99", 1 0, L_0x5576074a2440;  1 drivers
v0x5576074859f0_0 .net "c_in", 0 0, v0x55760748f040_0;  alias, 1 drivers
v0x557607485ab0_0 .net "c_out", 0 0, L_0x5576074a1c90;  alias, 1 drivers
v0x557607485b70_0 .net "carry1", 0 0, L_0x55760749f8c0;  1 drivers
v0x557607485c30_0 .net "carry2", 0 0, L_0x5576074a0280;  1 drivers
v0x557607485cf0_0 .net "carry3", 0 0, L_0x5576074a0e80;  1 drivers
L_0x55760749f8c0 .part L_0x5576074a0140, 1, 1;
L_0x55760749f960 .part L_0x5576074a0140, 0, 1;
L_0x55760749fa00 .part v0x55760748cf40_0, 0, 1;
L_0x55760749faa0 .concat [ 1 1 0 0], L_0x55760749fa00, L_0x7f99e072d138;
L_0x55760749fc30 .part v0x55760748d120_0, 0, 1;
L_0x55760749fcd0 .concat [ 1 1 0 0], L_0x55760749fc30, L_0x7f99e072d180;
L_0x55760749fe50 .arith/sum 2, L_0x55760749faa0, L_0x55760749fcd0;
L_0x5576074a0000 .concat [ 1 1 0 0], v0x55760748f040_0, L_0x7f99e072d1c8;
L_0x5576074a0140 .arith/sum 2, L_0x55760749fe50, L_0x5576074a0000;
L_0x5576074a0280 .part L_0x5576074a0ca0, 1, 1;
L_0x5576074a0380 .part L_0x5576074a0ca0, 0, 1;
L_0x5576074a0420 .part v0x55760748cf40_0, 1, 1;
L_0x5576074a05c0 .concat [ 1 1 0 0], L_0x5576074a0420, L_0x7f99e072d210;
L_0x5576074a06b0 .part v0x55760748d120_0, 1, 1;
L_0x5576074a0860 .concat [ 1 1 0 0], L_0x5576074a06b0, L_0x7f99e072d258;
L_0x5576074a09e0 .arith/sum 2, L_0x5576074a05c0, L_0x5576074a0860;
L_0x5576074a0b60 .concat [ 1 1 0 0], L_0x55760749f8c0, L_0x7f99e072d2a0;
L_0x5576074a0ca0 .arith/sum 2, L_0x5576074a09e0, L_0x5576074a0b60;
L_0x5576074a0e80 .part L_0x5576074a18d0, 1, 1;
L_0x5576074a0f20 .part L_0x5576074a18d0, 0, 1;
L_0x5576074a0de0 .part v0x55760748cf40_0, 2, 1;
L_0x5576074a10c0 .concat [ 1 1 0 0], L_0x5576074a0de0, L_0x7f99e072d2e8;
L_0x5576074a12c0 .part v0x55760748d120_0, 2, 1;
L_0x5576074a1360 .concat [ 1 1 0 0], L_0x5576074a12c0, L_0x7f99e072d330;
L_0x5576074a1570 .arith/sum 2, L_0x5576074a10c0, L_0x5576074a1360;
L_0x5576074a16b0 .concat [ 1 1 0 0], L_0x5576074a0280, L_0x7f99e072d378;
L_0x5576074a18d0 .arith/sum 2, L_0x5576074a1570, L_0x5576074a16b0;
L_0x5576074a1a10 .concat8 [ 1 1 1 1], L_0x55760749f960, L_0x5576074a0380, L_0x5576074a0f20, L_0x5576074a1d30;
L_0x5576074a1c90 .part L_0x5576074a2440, 1, 1;
L_0x5576074a1d30 .part L_0x5576074a2440, 0, 1;
L_0x5576074a1f70 .part v0x55760748cf40_0, 3, 1;
L_0x5576074a2010 .concat [ 1 1 0 0], L_0x5576074a1f70, L_0x7f99e072d3c0;
L_0x5576074a2260 .part v0x55760748d120_0, 3, 1;
L_0x5576074a2300 .concat [ 1 1 0 0], L_0x5576074a2260, L_0x7f99e072d408;
L_0x5576074a2560 .arith/sum 2, L_0x5576074a2010, L_0x5576074a2300;
L_0x5576074a26a0 .concat [ 1 1 0 0], L_0x5576074a0e80, L_0x7f99e072d450;
L_0x5576074a2440 .arith/sum 2, L_0x5576074a2560, L_0x5576074a26a0;
S_0x557607485e50 .scope module, "UL" "ul4" 3 6, 8 1 0, S_0x557607481760;
 .timescale -9 -11;
    .port_info 0 /OUTPUT 4 "Out";
    .port_info 1 /INPUT 4 "A";
    .port_info 2 /INPUT 4 "B";
    .port_info 3 /INPUT 2 "S";
v0x55760748a870_0 .net "A", 3 0, v0x55760748eaf0_0;  alias, 1 drivers
v0x55760748a950_0 .net "B", 3 0, v0x55760748ebb0_0;  alias, 1 drivers
v0x55760748aa30_0 .net "Out", 3 0, L_0x5576074a3bf0;  alias, 1 drivers
v0x55760748ab00_0 .net "S", 1 0, L_0x5576074a3fa0;  1 drivers
L_0x5576074a2c20 .part v0x55760748eaf0_0, 0, 1;
L_0x5576074a2cc0 .part v0x55760748ebb0_0, 0, 1;
L_0x5576074a3180 .part v0x55760748eaf0_0, 1, 1;
L_0x5576074a3220 .part v0x55760748ebb0_0, 1, 1;
L_0x5576074a36e0 .part v0x55760748eaf0_0, 2, 1;
L_0x5576074a3780 .part v0x55760748ebb0_0, 2, 1;
L_0x5576074a3bf0 .concat8 [ 1 1 1 1], v0x557607486a60_0, v0x557607487c50_0, v0x557607488e10_0, v0x55760748a010_0;
L_0x5576074a3d80 .part v0x55760748eaf0_0, 3, 1;
L_0x5576074a3e70 .part v0x55760748ebb0_0, 3, 1;
S_0x5576074860a0 .scope module, "C0" "cl" 8 3, 9 1 0, S_0x557607485e50;
 .timescale -9 -11;
    .port_info 0 /OUTPUT 1 "out";
    .port_info 1 /INPUT 1 "a";
    .port_info 2 /INPUT 1 "b";
    .port_info 3 /INPUT 2 "S";
L_0x5576074a0550 .functor AND 1, L_0x5576074a2c20, L_0x5576074a2cc0, C4<1>, C4<1>;
L_0x55760749fef0 .functor OR 1, L_0x5576074a2c20, L_0x5576074a2cc0, C4<0>, C4<0>;
L_0x5576074a2aa0 .functor XOR 1, L_0x5576074a2c20, L_0x5576074a2cc0, C4<0>, C4<0>;
L_0x5576074a2b60 .functor NOT 1, L_0x5576074a2c20, C4<0>, C4<0>, C4<0>;
v0x557607486be0_0 .net "S", 1 0, L_0x5576074a3fa0;  alias, 1 drivers
v0x557607486cc0_0 .net "a", 0 0, L_0x5576074a2c20;  1 drivers
v0x557607486d60_0 .net "a_out", 0 0, L_0x5576074a0550;  1 drivers
v0x557607486e60_0 .net "b", 0 0, L_0x5576074a2cc0;  1 drivers
v0x557607486f00_0 .net "n_out", 0 0, L_0x5576074a2b60;  1 drivers
v0x557607486ff0_0 .net "o_out", 0 0, L_0x55760749fef0;  1 drivers
v0x5576074870c0_0 .net "out", 0 0, v0x557607486a60_0;  1 drivers
v0x557607487190_0 .net "x_out", 0 0, L_0x5576074a2aa0;  1 drivers
S_0x557607486310 .scope module, "Mux" "mux4_1" 9 9, 10 1 0, S_0x5576074860a0;
 .timescale -9 -11;
    .port_info 0 /OUTPUT 1 "out";
    .port_info 1 /INPUT 1 "a";
    .port_info 2 /INPUT 1 "b";
    .port_info 3 /INPUT 1 "c";
    .port_info 4 /INPUT 1 "d";
    .port_info 5 /INPUT 2 "S";
v0x557607486600_0 .net "S", 1 0, L_0x5576074a3fa0;  alias, 1 drivers
v0x557607486700_0 .net "a", 0 0, L_0x5576074a0550;  alias, 1 drivers
v0x5576074867c0_0 .net "b", 0 0, L_0x55760749fef0;  alias, 1 drivers
v0x557607486890_0 .net "c", 0 0, L_0x5576074a2aa0;  alias, 1 drivers
v0x557607486950_0 .net "d", 0 0, L_0x5576074a2b60;  alias, 1 drivers
v0x557607486a60_0 .var "out", 0 0;
E_0x557607468000/0 .event edge, v0x557607486600_0, v0x557607486950_0, v0x557607486890_0, v0x5576074867c0_0;
E_0x557607468000/1 .event edge, v0x557607486700_0;
E_0x557607468000 .event/or E_0x557607468000/0, E_0x557607468000/1;
S_0x557607487290 .scope module, "C1" "cl" 8 4, 9 1 0, S_0x557607485e50;
 .timescale -9 -11;
    .port_info 0 /OUTPUT 1 "out";
    .port_info 1 /INPUT 1 "a";
    .port_info 2 /INPUT 1 "b";
    .port_info 3 /INPUT 2 "S";
L_0x5576074a2df0 .functor AND 1, L_0x5576074a3180, L_0x5576074a3220, C4<1>, C4<1>;
L_0x5576074a2e60 .functor OR 1, L_0x5576074a3180, L_0x5576074a3220, C4<0>, C4<0>;
L_0x5576074a2f70 .functor XOR 1, L_0x5576074a3180, L_0x5576074a3220, C4<0>, C4<0>;
L_0x5576074a3030 .functor NOT 1, L_0x5576074a3180, C4<0>, C4<0>, C4<0>;
v0x557607487e10_0 .net "S", 1 0, L_0x5576074a3fa0;  alias, 1 drivers
v0x557607487ef0_0 .net "a", 0 0, L_0x5576074a3180;  1 drivers
v0x557607487fb0_0 .net "a_out", 0 0, L_0x5576074a2df0;  1 drivers
v0x557607488080_0 .net "b", 0 0, L_0x5576074a3220;  1 drivers
v0x557607488120_0 .net "n_out", 0 0, L_0x5576074a3030;  1 drivers
v0x557607488210_0 .net "o_out", 0 0, L_0x5576074a2e60;  1 drivers
v0x5576074882e0_0 .net "out", 0 0, v0x557607487c50_0;  1 drivers
v0x5576074883b0_0 .net "x_out", 0 0, L_0x5576074a2f70;  1 drivers
S_0x5576074874e0 .scope module, "Mux" "mux4_1" 9 9, 10 1 0, S_0x557607487290;
 .timescale -9 -11;
    .port_info 0 /OUTPUT 1 "out";
    .port_info 1 /INPUT 1 "a";
    .port_info 2 /INPUT 1 "b";
    .port_info 3 /INPUT 1 "c";
    .port_info 4 /INPUT 1 "d";
    .port_info 5 /INPUT 2 "S";
v0x5576074877f0_0 .net "S", 1 0, L_0x5576074a3fa0;  alias, 1 drivers
v0x557607487920_0 .net "a", 0 0, L_0x5576074a2df0;  alias, 1 drivers
v0x5576074879e0_0 .net "b", 0 0, L_0x5576074a2e60;  alias, 1 drivers
v0x557607487a80_0 .net "c", 0 0, L_0x5576074a2f70;  alias, 1 drivers
v0x557607487b40_0 .net "d", 0 0, L_0x5576074a3030;  alias, 1 drivers
v0x557607487c50_0 .var "out", 0 0;
E_0x557607487760/0 .event edge, v0x557607486600_0, v0x557607487b40_0, v0x557607487a80_0, v0x5576074879e0_0;
E_0x557607487760/1 .event edge, v0x557607487920_0;
E_0x557607487760 .event/or E_0x557607487760/0, E_0x557607487760/1;
S_0x5576074884b0 .scope module, "C2" "cl" 8 5, 9 1 0, S_0x557607485e50;
 .timescale -9 -11;
    .port_info 0 /OUTPUT 1 "out";
    .port_info 1 /INPUT 1 "a";
    .port_info 2 /INPUT 1 "b";
    .port_info 3 /INPUT 2 "S";
L_0x5576074a3350 .functor AND 1, L_0x5576074a36e0, L_0x5576074a3780, C4<1>, C4<1>;
L_0x5576074a33c0 .functor OR 1, L_0x5576074a36e0, L_0x5576074a3780, C4<0>, C4<0>;
L_0x5576074a34d0 .functor XOR 1, L_0x5576074a36e0, L_0x5576074a3780, C4<0>, C4<0>;
L_0x5576074a3590 .functor NOT 1, L_0x5576074a36e0, C4<0>, C4<0>, C4<0>;
v0x557607488fd0_0 .net "S", 1 0, L_0x5576074a3fa0;  alias, 1 drivers
v0x5576074890b0_0 .net "a", 0 0, L_0x5576074a36e0;  1 drivers
v0x557607489170_0 .net "a_out", 0 0, L_0x5576074a3350;  1 drivers
v0x557607489240_0 .net "b", 0 0, L_0x5576074a3780;  1 drivers
v0x5576074892e0_0 .net "n_out", 0 0, L_0x5576074a3590;  1 drivers
v0x5576074893d0_0 .net "o_out", 0 0, L_0x5576074a33c0;  1 drivers
v0x5576074894a0_0 .net "out", 0 0, v0x557607488e10_0;  1 drivers
v0x557607489570_0 .net "x_out", 0 0, L_0x5576074a34d0;  1 drivers
S_0x557607488730 .scope module, "Mux" "mux4_1" 9 9, 10 1 0, S_0x5576074884b0;
 .timescale -9 -11;
    .port_info 0 /OUTPUT 1 "out";
    .port_info 1 /INPUT 1 "a";
    .port_info 2 /INPUT 1 "b";
    .port_info 3 /INPUT 1 "c";
    .port_info 4 /INPUT 1 "d";
    .port_info 5 /INPUT 2 "S";
v0x557607488a20_0 .net "S", 1 0, L_0x5576074a3fa0;  alias, 1 drivers
v0x557607488b00_0 .net "a", 0 0, L_0x5576074a3350;  alias, 1 drivers
v0x557607488bc0_0 .net "b", 0 0, L_0x5576074a33c0;  alias, 1 drivers
v0x557607488c90_0 .net "c", 0 0, L_0x5576074a34d0;  alias, 1 drivers
v0x557607488d50_0 .net "d", 0 0, L_0x5576074a3590;  alias, 1 drivers
v0x557607488e10_0 .var "out", 0 0;
E_0x5576074889b0/0 .event edge, v0x557607486600_0, v0x557607488d50_0, v0x557607488c90_0, v0x557607488bc0_0;
E_0x5576074889b0/1 .event edge, v0x557607488b00_0;
E_0x5576074889b0 .event/or E_0x5576074889b0/0, E_0x5576074889b0/1;
S_0x557607489670 .scope module, "C3" "cl" 8 6, 9 1 0, S_0x557607485e50;
 .timescale -9 -11;
    .port_info 0 /OUTPUT 1 "out";
    .port_info 1 /INPUT 1 "a";
    .port_info 2 /INPUT 1 "b";
    .port_info 3 /INPUT 2 "S";
L_0x5576074a3860 .functor AND 1, L_0x5576074a3d80, L_0x5576074a3e70, C4<1>, C4<1>;
L_0x5576074a38d0 .functor OR 1, L_0x5576074a3d80, L_0x5576074a3e70, C4<0>, C4<0>;
L_0x5576074a39e0 .functor XOR 1, L_0x5576074a3d80, L_0x5576074a3e70, C4<0>, C4<0>;
L_0x5576074a3aa0 .functor NOT 1, L_0x5576074a3d80, C4<0>, C4<0>, C4<0>;
v0x55760748a1d0_0 .net "S", 1 0, L_0x5576074a3fa0;  alias, 1 drivers
v0x55760748a2b0_0 .net "a", 0 0, L_0x5576074a3d80;  1 drivers
v0x55760748a370_0 .net "a_out", 0 0, L_0x5576074a3860;  1 drivers
v0x55760748a440_0 .net "b", 0 0, L_0x5576074a3e70;  1 drivers
v0x55760748a4e0_0 .net "n_out", 0 0, L_0x5576074a3aa0;  1 drivers
v0x55760748a5d0_0 .net "o_out", 0 0, L_0x5576074a38d0;  1 drivers
v0x55760748a6a0_0 .net "out", 0 0, v0x55760748a010_0;  1 drivers
v0x55760748a770_0 .net "x_out", 0 0, L_0x5576074a39e0;  1 drivers
S_0x5576074898c0 .scope module, "Mux" "mux4_1" 9 9, 10 1 0, S_0x557607489670;
 .timescale -9 -11;
    .port_info 0 /OUTPUT 1 "out";
    .port_info 1 /INPUT 1 "a";
    .port_info 2 /INPUT 1 "b";
    .port_info 3 /INPUT 1 "c";
    .port_info 4 /INPUT 1 "d";
    .port_info 5 /INPUT 2 "S";
v0x557607489bd0_0 .net "S", 1 0, L_0x5576074a3fa0;  alias, 1 drivers
v0x557607489cb0_0 .net "a", 0 0, L_0x5576074a3860;  alias, 1 drivers
v0x557607489d70_0 .net "b", 0 0, L_0x5576074a38d0;  alias, 1 drivers
v0x557607489e40_0 .net "c", 0 0, L_0x5576074a39e0;  alias, 1 drivers
v0x557607489f00_0 .net "d", 0 0, L_0x5576074a3aa0;  alias, 1 drivers
v0x55760748a010_0 .var "out", 0 0;
E_0x557607489b40/0 .event edge, v0x557607486600_0, v0x557607489f00_0, v0x557607489e40_0, v0x557607489d70_0;
E_0x557607489b40/1 .event edge, v0x557607489cb0_0;
E_0x557607489b40 .event/or E_0x557607489b40/0, E_0x557607489b40/1;
S_0x55760748ac50 .scope module, "preprocesado" "preprocess" 3 4, 11 1 0, S_0x557607481760;
 .timescale -9 -11;
    .port_info 0 /OUTPUT 4 "AMod";
    .port_info 1 /OUTPUT 4 "BMod";
    .port_info 2 /INPUT 4 "A";
    .port_info 3 /INPUT 4 "B";
    .port_info 4 /INPUT 3 "Op";
v0x55760748ce60_0 .net "A", 3 0, v0x55760748eaf0_0;  alias, 1 drivers
v0x55760748cf40_0 .var "AMod", 3 0;
v0x55760748d000_0 .net "B", 3 0, v0x55760748ebb0_0;  alias, 1 drivers
v0x55760748d120_0 .var "BMod", 3 0;
v0x55760748d1c0_0 .net "Op", 2 0, v0x55760748ed00_0;  alias, 1 drivers
v0x55760748d2d0_0 .var "add1", 0 0;
L_0x7f99e072d018 .functor BUFT 1, C4<0000>, C4<0>, C4<0>, C4<0>;
v0x55760748d370_0 .net "aux0", 3 0, L_0x7f99e072d018;  1 drivers
L_0x7f99e072d060 .functor BUFT 1, C4<0001>, C4<0>, C4<0>, C4<0>;
v0x55760748d440_0 .net "aux1", 3 0, L_0x7f99e072d060;  1 drivers
v0x55760748d510_0 .net "comp_out", 3 0, L_0x55760749f6a0;  1 drivers
v0x55760748d5e0_0 .var "cpl", 0 0;
v0x55760748d6b0_0 .net "mux1_out", 3 0, v0x55760748be10_0;  1 drivers
v0x55760748d750_0 .net "mux2_out", 3 0, v0x55760748c530_0;  1 drivers
v0x55760748d7f0_0 .net "mux3_out", 3 0, v0x55760748cc30_0;  1 drivers
v0x55760748d8e0_0 .var "op1_A", 0 0;
v0x55760748d980_0 .var "op2_B", 0 0;
E_0x557607467f20 .event edge, v0x55760748b2c0_0, v0x55760748c530_0;
E_0x55760748aef0 .event edge, v0x55760748d1c0_0, v0x55760748a950_0, v0x55760748a870_0;
S_0x55760748af50 .scope module, "Comp1" "compl1" 11 18, 12 1 0, S_0x55760748ac50;
 .timescale -9 -11;
    .port_info 0 /OUTPUT 4 "Out";
    .port_info 1 /INPUT 4 "Inp";
    .port_info 2 /INPUT 1 "cpl";
L_0x55760749f630 .functor NOT 4, v0x55760748cc30_0, C4<0000>, C4<0000>, C4<0000>;
v0x55760748b1c0_0 .net "Inp", 3 0, v0x55760748cc30_0;  alias, 1 drivers
v0x55760748b2c0_0 .net "Out", 3 0, L_0x55760749f6a0;  alias, 1 drivers
v0x55760748b3a0_0 .net *"_ivl_0", 31 0, L_0x55760748f3a0;  1 drivers
L_0x7f99e072d0a8 .functor BUFT 1, C4<0000000000000000000000000000000>, C4<0>, C4<0>, C4<0>;
v0x55760748b490_0 .net *"_ivl_3", 30 0, L_0x7f99e072d0a8;  1 drivers
L_0x7f99e072d0f0 .functor BUFT 1, C4<00000000000000000000000000000000>, C4<0>, C4<0>, C4<0>;
v0x55760748b570_0 .net/2u *"_ivl_4", 31 0, L_0x7f99e072d0f0;  1 drivers
v0x55760748b6a0_0 .net *"_ivl_6", 0 0, L_0x55760749f4f0;  1 drivers
v0x55760748b760_0 .net *"_ivl_8", 3 0, L_0x55760749f630;  1 drivers
v0x55760748b840_0 .net "cpl", 0 0, v0x55760748d5e0_0;  1 drivers
L_0x55760748f3a0 .concat [ 1 31 0 0], v0x55760748d5e0_0, L_0x7f99e072d0a8;
L_0x55760749f4f0 .cmp/eq 32, L_0x55760748f3a0, L_0x7f99e072d0f0;
L_0x55760749f6a0 .functor MUXZ 4, L_0x55760749f630, v0x55760748cc30_0, L_0x55760749f4f0, C4<>;
S_0x55760748b980 .scope module, "Mux1" "mux2_4" 11 15, 5 1 0, S_0x55760748ac50;
 .timescale -9 -11;
    .port_info 0 /OUTPUT 4 "Out";
    .port_info 1 /INPUT 4 "A";
    .port_info 2 /INPUT 4 "B";
    .port_info 3 /INPUT 1 "s";
v0x55760748bc30_0 .net "A", 3 0, L_0x7f99e072d018;  alias, 1 drivers
v0x55760748bd30_0 .net "B", 3 0, L_0x7f99e072d060;  alias, 1 drivers
v0x55760748be10_0 .var "Out", 3 0;
v0x55760748bf00_0 .net "s", 0 0, v0x55760748d2d0_0;  1 drivers
E_0x55760748bbd0 .event edge, v0x55760748bf00_0, v0x55760748bd30_0, v0x55760748bc30_0;
S_0x55760748c070 .scope module, "Mux2" "mux2_4" 11 16, 5 1 0, S_0x55760748ac50;
 .timescale -9 -11;
    .port_info 0 /OUTPUT 4 "Out";
    .port_info 1 /INPUT 4 "A";
    .port_info 2 /INPUT 4 "B";
    .port_info 3 /INPUT 1 "s";
v0x55760748c350_0 .net "A", 3 0, v0x55760748be10_0;  alias, 1 drivers
v0x55760748c460_0 .net "B", 3 0, v0x55760748eaf0_0;  alias, 1 drivers
v0x55760748c530_0 .var "Out", 3 0;
v0x55760748c600_0 .net "s", 0 0, v0x55760748d8e0_0;  1 drivers
E_0x55760748c2f0 .event edge, v0x55760748c600_0, v0x55760748a870_0, v0x55760748be10_0;
S_0x55760748c770 .scope module, "Mux3" "mux2_4" 11 17, 5 1 0, S_0x55760748ac50;
 .timescale -9 -11;
    .port_info 0 /OUTPUT 4 "Out";
    .port_info 1 /INPUT 4 "A";
    .port_info 2 /INPUT 4 "B";
    .port_info 3 /INPUT 1 "s";
v0x55760748ca40_0 .net "A", 3 0, v0x55760748eaf0_0;  alias, 1 drivers
v0x55760748cb70_0 .net "B", 3 0, v0x55760748ebb0_0;  alias, 1 drivers
v0x55760748cc30_0 .var "Out", 3 0;
v0x55760748cd30_0 .net "s", 0 0, v0x55760748d980_0;  1 drivers
E_0x55760748c9c0 .event edge, v0x55760748cd30_0, v0x55760748a950_0, v0x55760748a870_0;
    .scope S_0x55760748b980;
T_1 ;
    %wait E_0x55760748bbd0;
    %load/vec4 v0x55760748bf00_0;
    %flag_set/vec4 8;
    %jmp/0xz  T_1.0, 8;
    %load/vec4 v0x55760748bd30_0;
    %store/vec4 v0x55760748be10_0, 0, 4;
    %jmp T_1.1;
T_1.0 ;
    %load/vec4 v0x55760748bc30_0;
    %store/vec4 v0x55760748be10_0, 0, 4;
T_1.1 ;
    %jmp T_1;
    .thread T_1, $push;
    .scope S_0x55760748c070;
T_2 ;
    %wait E_0x55760748c2f0;
    %load/vec4 v0x55760748c600_0;
    %flag_set/vec4 8;
    %jmp/0xz  T_2.0, 8;
    %load/vec4 v0x55760748c460_0;
    %store/vec4 v0x55760748c530_0, 0, 4;
    %jmp T_2.1;
T_2.0 ;
    %load/vec4 v0x55760748c350_0;
    %store/vec4 v0x55760748c530_0, 0, 4;
T_2.1 ;
    %jmp T_2;
    .thread T_2, $push;
    .scope S_0x55760748c770;
T_3 ;
    %wait E_0x55760748c9c0;
    %load/vec4 v0x55760748cd30_0;
    %flag_set/vec4 8;
    %jmp/0xz  T_3.0, 8;
    %load/vec4 v0x55760748cb70_0;
    %store/vec4 v0x55760748cc30_0, 0, 4;
    %jmp T_3.1;
T_3.0 ;
    %load/vec4 v0x55760748ca40_0;
    %store/vec4 v0x55760748cc30_0, 0, 4;
T_3.1 ;
    %jmp T_3;
    .thread T_3, $push;
    .scope S_0x55760748ac50;
T_4 ;
    %wait E_0x55760748aef0;
    %load/vec4 v0x55760748d1c0_0;
    %parti/s 1, 0, 2;
    %store/vec4 v0x55760748d2d0_0, 0, 1;
    %load/vec4 v0x55760748d1c0_0;
    %parti/s 1, 2, 3;
    %load/vec4 v0x55760748d1c0_0;
    %parti/s 1, 1, 2;
    %load/vec4 v0x55760748d1c0_0;
    %parti/s 1, 0, 2;
    %inv;
    %and;
    %or;
    %store/vec4 v0x55760748d8e0_0, 0, 1;
    %load/vec4 v0x55760748d1c0_0;
    %parti/s 1, 2, 3;
    %load/vec4 v0x55760748d1c0_0;
    %parti/s 1, 1, 2;
    %load/vec4 v0x55760748d1c0_0;
    %parti/s 1, 0, 2;
    %inv;
    %and;
    %or;
    %store/vec4 v0x55760748d980_0, 0, 1;
    %load/vec4 v0x55760748d1c0_0;
    %parti/s 1, 2, 3;
    %inv;
    %load/vec4 v0x55760748d1c0_0;
    %parti/s 1, 1, 2;
    %inv;
    %and;
    %load/vec4 v0x55760748d1c0_0;
    %parti/s 1, 0, 2;
    %and;
    %store/vec4 v0x55760748d5e0_0, 0, 1;
    %jmp T_4;
    .thread T_4, $push;
    .scope S_0x55760748ac50;
T_5 ;
    %wait E_0x557607467f20;
    %load/vec4 v0x55760748d750_0;
    %store/vec4 v0x55760748cf40_0, 0, 4;
    %load/vec4 v0x55760748d510_0;
    %store/vec4 v0x55760748d120_0, 0, 4;
    %jmp T_5;
    .thread T_5, $push;
    .scope S_0x557607486310;
T_6 ;
    %wait E_0x557607468000;
    %load/vec4 v0x557607486600_0;
    %dup/vec4;
    %pushi/vec4 0, 0, 2;
    %cmp/u;
    %jmp/1 T_6.0, 6;
    %dup/vec4;
    %pushi/vec4 1, 0, 2;
    %cmp/u;
    %jmp/1 T_6.1, 6;
    %dup/vec4;
    %pushi/vec4 2, 0, 2;
    %cmp/u;
    %jmp/1 T_6.2, 6;
    %dup/vec4;
    %pushi/vec4 3, 0, 2;
    %cmp/u;
    %jmp/1 T_6.3, 6;
    %pushi/vec4 1, 1, 1;
    %store/vec4 v0x557607486a60_0, 0, 1;
    %jmp T_6.5;
T_6.0 ;
    %load/vec4 v0x557607486700_0;
    %store/vec4 v0x557607486a60_0, 0, 1;
    %jmp T_6.5;
T_6.1 ;
    %load/vec4 v0x5576074867c0_0;
    %store/vec4 v0x557607486a60_0, 0, 1;
    %jmp T_6.5;
T_6.2 ;
    %load/vec4 v0x557607486890_0;
    %store/vec4 v0x557607486a60_0, 0, 1;
    %jmp T_6.5;
T_6.3 ;
    %load/vec4 v0x557607486950_0;
    %store/vec4 v0x557607486a60_0, 0, 1;
    %jmp T_6.5;
T_6.5 ;
    %pop/vec4 1;
    %jmp T_6;
    .thread T_6, $push;
    .scope S_0x5576074874e0;
T_7 ;
    %wait E_0x557607487760;
    %load/vec4 v0x5576074877f0_0;
    %dup/vec4;
    %pushi/vec4 0, 0, 2;
    %cmp/u;
    %jmp/1 T_7.0, 6;
    %dup/vec4;
    %pushi/vec4 1, 0, 2;
    %cmp/u;
    %jmp/1 T_7.1, 6;
    %dup/vec4;
    %pushi/vec4 2, 0, 2;
    %cmp/u;
    %jmp/1 T_7.2, 6;
    %dup/vec4;
    %pushi/vec4 3, 0, 2;
    %cmp/u;
    %jmp/1 T_7.3, 6;
    %pushi/vec4 1, 1, 1;
    %store/vec4 v0x557607487c50_0, 0, 1;
    %jmp T_7.5;
T_7.0 ;
    %load/vec4 v0x557607487920_0;
    %store/vec4 v0x557607487c50_0, 0, 1;
    %jmp T_7.5;
T_7.1 ;
    %load/vec4 v0x5576074879e0_0;
    %store/vec4 v0x557607487c50_0, 0, 1;
    %jmp T_7.5;
T_7.2 ;
    %load/vec4 v0x557607487a80_0;
    %store/vec4 v0x557607487c50_0, 0, 1;
    %jmp T_7.5;
T_7.3 ;
    %load/vec4 v0x557607487b40_0;
    %store/vec4 v0x557607487c50_0, 0, 1;
    %jmp T_7.5;
T_7.5 ;
    %pop/vec4 1;
    %jmp T_7;
    .thread T_7, $push;
    .scope S_0x557607488730;
T_8 ;
    %wait E_0x5576074889b0;
    %load/vec4 v0x557607488a20_0;
    %dup/vec4;
    %pushi/vec4 0, 0, 2;
    %cmp/u;
    %jmp/1 T_8.0, 6;
    %dup/vec4;
    %pushi/vec4 1, 0, 2;
    %cmp/u;
    %jmp/1 T_8.1, 6;
    %dup/vec4;
    %pushi/vec4 2, 0, 2;
    %cmp/u;
    %jmp/1 T_8.2, 6;
    %dup/vec4;
    %pushi/vec4 3, 0, 2;
    %cmp/u;
    %jmp/1 T_8.3, 6;
    %pushi/vec4 1, 1, 1;
    %store/vec4 v0x557607488e10_0, 0, 1;
    %jmp T_8.5;
T_8.0 ;
    %load/vec4 v0x557607488b00_0;
    %store/vec4 v0x557607488e10_0, 0, 1;
    %jmp T_8.5;
T_8.1 ;
    %load/vec4 v0x557607488bc0_0;
    %store/vec4 v0x557607488e10_0, 0, 1;
    %jmp T_8.5;
T_8.2 ;
    %load/vec4 v0x557607488c90_0;
    %store/vec4 v0x557607488e10_0, 0, 1;
    %jmp T_8.5;
T_8.3 ;
    %load/vec4 v0x557607488d50_0;
    %store/vec4 v0x557607488e10_0, 0, 1;
    %jmp T_8.5;
T_8.5 ;
    %pop/vec4 1;
    %jmp T_8;
    .thread T_8, $push;
    .scope S_0x5576074898c0;
T_9 ;
    %wait E_0x557607489b40;
    %load/vec4 v0x557607489bd0_0;
    %dup/vec4;
    %pushi/vec4 0, 0, 2;
    %cmp/u;
    %jmp/1 T_9.0, 6;
    %dup/vec4;
    %pushi/vec4 1, 0, 2;
    %cmp/u;
    %jmp/1 T_9.1, 6;
    %dup/vec4;
    %pushi/vec4 2, 0, 2;
    %cmp/u;
    %jmp/1 T_9.2, 6;
    %dup/vec4;
    %pushi/vec4 3, 0, 2;
    %cmp/u;
    %jmp/1 T_9.3, 6;
    %pushi/vec4 1, 1, 1;
    %store/vec4 v0x55760748a010_0, 0, 1;
    %jmp T_9.5;
T_9.0 ;
    %load/vec4 v0x557607489cb0_0;
    %store/vec4 v0x55760748a010_0, 0, 1;
    %jmp T_9.5;
T_9.1 ;
    %load/vec4 v0x557607489d70_0;
    %store/vec4 v0x55760748a010_0, 0, 1;
    %jmp T_9.5;
T_9.2 ;
    %load/vec4 v0x557607489e40_0;
    %store/vec4 v0x55760748a010_0, 0, 1;
    %jmp T_9.5;
T_9.3 ;
    %load/vec4 v0x557607489f00_0;
    %store/vec4 v0x55760748a010_0, 0, 1;
    %jmp T_9.5;
T_9.5 ;
    %pop/vec4 1;
    %jmp T_9;
    .thread T_9, $push;
    .scope S_0x5576074821d0;
T_10 ;
    %wait E_0x557607427ab0;
    %load/vec4 v0x5576074826c0_0;
    %flag_set/vec4 8;
    %jmp/0xz  T_10.0, 8;
    %load/vec4 v0x557607482540_0;
    %store/vec4 v0x557607482620_0, 0, 4;
    %jmp T_10.1;
T_10.0 ;
    %load/vec4 v0x557607482440_0;
    %store/vec4 v0x557607482620_0, 0, 4;
T_10.1 ;
    %jmp T_10;
    .thread T_10, $push;
    .scope S_0x557607463d10;
T_11 ;
    %vpi_call 2 21 "$dumpfile", "alu.vcd" {0 0 0};
    %vpi_call 2 22 "$dumpvars" {0 0 0};
    %pushi/vec4 0, 0, 32;
    %store/vec4 v0x55760748ea10_0, 0, 32;
    %pushi/vec4 0, 0, 3;
    %store/vec4 v0x55760748ed00_0, 0, 3;
    %pushi/vec4 8, 0, 32;
T_11.0 %dup/vec4;
    %pushi/vec4 0, 0, 32;
    %cmp/s;
    %jmp/1xz T_11.1, 5;
    %jmp/1 T_11.1, 4;
    %pushi/vec4 1, 0, 32;
    %sub;
    %pushi/vec4 0, 0, 1;
    %store/vec4 v0x55760748f040_0, 0, 1;
    %pushi/vec4 2, 0, 32;
T_11.2 %dup/vec4;
    %pushi/vec4 0, 0, 32;
    %cmp/s;
    %jmp/1xz T_11.3, 5;
    %jmp/1 T_11.3, 4;
    %pushi/vec4 1, 0, 32;
    %sub;
    %pushi/vec4 0, 0, 4;
    %store/vec4 v0x55760748eaf0_0, 0, 4;
    %pushi/vec4 16, 0, 32;
T_11.4 %dup/vec4;
    %pushi/vec4 0, 0, 32;
    %cmp/s;
    %jmp/1xz T_11.5, 5;
    %jmp/1 T_11.5, 4;
    %pushi/vec4 1, 0, 32;
    %sub;
    %pushi/vec4 0, 0, 4;
    %store/vec4 v0x55760748ebb0_0, 0, 4;
    %pushi/vec4 16, 0, 32;
T_11.6 %dup/vec4;
    %pushi/vec4 0, 0, 32;
    %cmp/s;
    %jmp/1xz T_11.7, 5;
    %jmp/1 T_11.7, 4;
    %pushi/vec4 1, 0, 32;
    %sub;
    %delay 1, 0;
    %fork TD_alu_tb.check, S_0x55760744e5c0;
    %join;
    %delay 999, 0;
    %load/vec4 v0x55760748ebb0_0;
    %addi 1, 0, 4;
    %store/vec4 v0x55760748ebb0_0, 0, 4;
    %jmp T_11.6;
T_11.7 ;
    %pop/vec4 1;
    %load/vec4 v0x55760748eaf0_0;
    %addi 1, 0, 4;
    %store/vec4 v0x55760748eaf0_0, 0, 4;
    %jmp T_11.4;
T_11.5 ;
    %pop/vec4 1;
    %load/vec4 v0x55760748f040_0;
    %pad/u 2;
    %addi 1, 0, 2;
    %pad/u 1;
    %store/vec4 v0x55760748f040_0, 0, 1;
    %jmp T_11.2;
T_11.3 ;
    %pop/vec4 1;
    %load/vec4 v0x55760748ed00_0;
    %addi 1, 0, 3;
    %store/vec4 v0x55760748ed00_0, 0, 3;
    %jmp T_11.0;
T_11.1 ;
    %pop/vec4 1;
    %vpi_call 2 48 "$display", "Encontradas %d operaciones erroneas", v0x55760748ea10_0 {0 0 0};
    %vpi_call 2 50 "$finish" {0 0 0};
    %end;
    .thread T_11;
# The file index is used to find the file name in the following table.
:file_names 13;
    "N/A";
    "<interactive>";
    "alu_tb.v";
    "alu.v";
    "cero.v";
    "mux2_4.v";
    "senal.v";
    "sum4_v2.v";
    "ul4.v";
    "cl.v";
    "mux4_1.v";
    "preprocess.v";
    "compl1.v";
