#! /usr/bin/vvp
:ivl_version "11.0 (stable)";
:ivl_delay_selection "TYPICAL";
:vpi_time_precision - 11;
:vpi_module "/usr/lib/x86_64-linux-gnu/ivl/system.vpi";
:vpi_module "/usr/lib/x86_64-linux-gnu/ivl/vhdl_sys.vpi";
:vpi_module "/usr/lib/x86_64-linux-gnu/ivl/vhdl_textio.vpi";
:vpi_module "/usr/lib/x86_64-linux-gnu/ivl/v2005_math.vpi";
:vpi_module "/usr/lib/x86_64-linux-gnu/ivl/va_math.vpi";
S_0x55f05bc61df0 .scope module, "microc_tb" "microc_tb" 2 2;
 .timescale -9 -11;
v0x55f05bcaba40_0 .var "Op", 2 0;
v0x55f05bcabb20_0 .net "Opcode", 5 0, L_0x55f05bcbd990;  1 drivers
v0x55f05bcabbe0_0 .var "clk", 0 0;
v0x55f05bcabc80_0 .var "reset", 0 0;
v0x55f05bcabd20_0 .var "s_inc", 0 0;
v0x55f05bcabe60_0 .var "s_inm", 0 0;
v0x55f05bcabf50_0 .var "we3", 0 0;
v0x55f05bcac040_0 .var "wez", 0 0;
v0x55f05bcac130_0 .net "z", 0 0, v0x55f05bcaa8b0_0;  1 drivers
S_0x55f05bc68e20 .scope module, "Camino_Datos" "microc" 2 15, 3 1 0, S_0x55f05bc61df0;
 .timescale -9 -11;
    .port_info 0 /OUTPUT 6 "Opcode";
    .port_info 1 /OUTPUT 1 "z";
    .port_info 2 /INPUT 1 "clk";
    .port_info 3 /INPUT 1 "reset";
    .port_info 4 /INPUT 1 "s_inc";
    .port_info 5 /INPUT 1 "s_inm";
    .port_info 6 /INPUT 1 "we3";
    .port_info 7 /INPUT 1 "wez";
    .port_info 8 /INPUT 3 "Op";
v0x55f05bcaaab0_0 .net "Op", 2 0, v0x55f05bcaba40_0;  1 drivers
v0x55f05bcaab90_0 .net "Opcode", 5 0, L_0x55f05bcbd990;  alias, 1 drivers
v0x55f05bcaac50_0 .net "S", 7 0, v0x55f05bca87e0_0;  1 drivers
v0x55f05bcaad70_0 .net "aux", 9 0, L_0x55f05bcac500;  1 drivers
v0x55f05bcaae80_0 .net "cero", 0 0, v0x55f05bca88d0_0;  1 drivers
v0x55f05bcaafc0_0 .net "clk", 0 0, v0x55f05bcabbe0_0;  1 drivers
v0x55f05bcab060_0 .net "dir", 9 0, v0x55f05bca6bb0_0;  1 drivers
v0x55f05bcab120_0 .net "instruccion", 15 0, L_0x55f05bcac3f0;  1 drivers
v0x55f05bcab1e0_0 .net "new_dir", 9 0, L_0x55f05bcbc670;  1 drivers
v0x55f05bcab280_0 .net "reg1", 7 0, L_0x55f05bcbcf50;  1 drivers
v0x55f05bcab340_0 .net "reg2", 7 0, L_0x55f05bcbd660;  1 drivers
v0x55f05bcab450_0 .net "reset", 0 0, v0x55f05bcabc80_0;  1 drivers
v0x55f05bcab540_0 .net "s_inc", 0 0, v0x55f05bcabd20_0;  1 drivers
v0x55f05bcab5e0_0 .net "s_inm", 0 0, v0x55f05bcabe60_0;  1 drivers
v0x55f05bcab680_0 .net "wd3", 7 0, L_0x55f05bcbc860;  1 drivers
v0x55f05bcab770_0 .net "we3", 0 0, v0x55f05bcabf50_0;  1 drivers
v0x55f05bcab810_0 .net "wez", 0 0, v0x55f05bcac040_0;  1 drivers
v0x55f05bcab8b0_0 .net "z", 0 0, v0x55f05bcaa8b0_0;  alias, 1 drivers
L_0x55f05bcbc7c0 .part L_0x55f05bcac3f0, 0, 10;
L_0x55f05bcbc940 .part L_0x55f05bcac3f0, 4, 8;
L_0x55f05bcbd7b0 .part L_0x55f05bcac3f0, 8, 4;
L_0x55f05bcbd850 .part L_0x55f05bcac3f0, 4, 4;
L_0x55f05bcbd8f0 .part L_0x55f05bcac3f0, 0, 4;
L_0x55f05bcbd990 .part L_0x55f05bcac3f0, 10, 6;
S_0x55f05bc82dc0 .scope module, "Inst" "memprog" 3 9, 4 3 0, S_0x55f05bc68e20;
 .timescale -9 -11;
    .port_info 0 /OUTPUT 16 "Data";
    .port_info 1 /INPUT 1 "clk";
    .port_info 2 /INPUT 10 "Address";
L_0x55f05bcac3f0 .functor BUFZ 16, L_0x55f05bcac1d0, C4<0000000000000000>, C4<0000000000000000>, C4<0000000000000000>;
v0x55f05bc73560_0 .net "Address", 9 0, v0x55f05bca6bb0_0;  alias, 1 drivers
v0x55f05bc87d10_0 .net "Data", 15 0, L_0x55f05bcac3f0;  alias, 1 drivers
v0x55f05bc87db0 .array "Mem", 1023 0, 15 0;
v0x55f05bca63e0_0 .net *"_ivl_0", 15 0, L_0x55f05bcac1d0;  1 drivers
v0x55f05bca64c0_0 .net *"_ivl_2", 11 0, L_0x55f05bcac270;  1 drivers
L_0x7f38b3669018 .functor BUFT 1, C4<00>, C4<0>, C4<0>, C4<0>;
v0x55f05bca65f0_0 .net *"_ivl_5", 1 0, L_0x7f38b3669018;  1 drivers
v0x55f05bca66d0_0 .net "clk", 0 0, v0x55f05bcabbe0_0;  alias, 1 drivers
L_0x55f05bcac1d0 .array/port v0x55f05bc87db0, L_0x55f05bcac270;
L_0x55f05bcac270 .concat [ 10 2 0 0], v0x55f05bca6bb0_0, L_0x7f38b3669018;
S_0x55f05bca6810 .scope module, "PC" "registro" 3 8, 5 35 0, S_0x55f05bc68e20;
 .timescale -9 -11;
    .port_info 0 /OUTPUT 10 "Q";
    .port_info 1 /INPUT 1 "clk";
    .port_info 2 /INPUT 1 "reset";
    .port_info 3 /INPUT 10 "D";
P_0x55f05bca69f0 .param/l "WIDTH" 0 5 35, +C4<00000000000000000000000000001010>;
v0x55f05bca6ab0_0 .net "D", 9 0, L_0x55f05bcbc670;  alias, 1 drivers
v0x55f05bca6bb0_0 .var "Q", 9 0;
v0x55f05bca6c70_0 .net "clk", 0 0, v0x55f05bcabbe0_0;  alias, 1 drivers
v0x55f05bca6d10_0 .net "reset", 0 0, v0x55f05bcabc80_0;  alias, 1 drivers
E_0x55f05bc773c0 .event posedge, v0x55f05bca6d10_0, v0x55f05bca66d0_0;
S_0x55f05bca6e20 .scope module, "PC_inc" "sum" 3 11, 5 28 0, S_0x55f05bc68e20;
 .timescale -9 -11;
    .port_info 0 /OUTPUT 10 "Y";
    .port_info 1 /INPUT 10 "A";
    .port_info 2 /INPUT 10 "B";
v0x55f05bca7050_0 .net "A", 9 0, v0x55f05bca6bb0_0;  alias, 1 drivers
L_0x7f38b3669060 .functor BUFT 1, C4<0000000001>, C4<0>, C4<0>, C4<0>;
v0x55f05bca7180_0 .net "B", 9 0, L_0x7f38b3669060;  1 drivers
v0x55f05bca7260_0 .net "Y", 9 0, L_0x55f05bcac500;  alias, 1 drivers
L_0x55f05bcac500 .arith/sum 10, v0x55f05bca6bb0_0, L_0x7f38b3669060;
S_0x55f05bca73a0 .scope module, "Reg_Esc" "mux2" 3 15, 5 46 0, S_0x55f05bc68e20;
 .timescale -9 -11;
    .port_info 0 /OUTPUT 8 "Y";
    .port_info 1 /INPUT 8 "D0";
    .port_info 2 /INPUT 8 "D1";
    .port_info 3 /INPUT 1 "s";
P_0x55f05bca7580 .param/l "WIDTH" 0 5 46, +C4<00000000000000000000000000001000>;
v0x55f05bca76f0_0 .net "D0", 7 0, v0x55f05bca87e0_0;  alias, 1 drivers
v0x55f05bca77d0_0 .net "D1", 7 0, L_0x55f05bcbc940;  1 drivers
v0x55f05bca78b0_0 .net "Y", 7 0, L_0x55f05bcbc860;  alias, 1 drivers
v0x55f05bca79a0_0 .net "s", 0 0, v0x55f05bcabe60_0;  alias, 1 drivers
L_0x55f05bcbc860 .functor MUXZ 8, v0x55f05bca87e0_0, L_0x55f05bcbc940, v0x55f05bcabe60_0, C4<>;
S_0x55f05bca7b10 .scope module, "nuevo_PC" "mux2" 3 12, 5 46 0, S_0x55f05bc68e20;
 .timescale -9 -11;
    .port_info 0 /OUTPUT 10 "Y";
    .port_info 1 /INPUT 10 "D0";
    .port_info 2 /INPUT 10 "D1";
    .port_info 3 /INPUT 1 "s";
P_0x55f05bca7d40 .param/l "WIDTH" 0 5 46, +C4<00000000000000000000000000001010>;
v0x55f05bca7e50_0 .net "D0", 9 0, L_0x55f05bcbc7c0;  1 drivers
v0x55f05bca7f50_0 .net "D1", 9 0, L_0x55f05bcac500;  alias, 1 drivers
v0x55f05bca8040_0 .net "Y", 9 0, L_0x55f05bcbc670;  alias, 1 drivers
v0x55f05bca8140_0 .net "s", 0 0, v0x55f05bcabd20_0;  alias, 1 drivers
L_0x55f05bcbc670 .functor MUXZ 10, L_0x55f05bcbc7c0, L_0x55f05bcac500, v0x55f05bcabd20_0, C4<>;
S_0x55f05bca8270 .scope module, "operacion" "alu" 3 17, 6 1 0, S_0x55f05bc68e20;
 .timescale -9 -11;
    .port_info 0 /OUTPUT 8 "S";
    .port_info 1 /OUTPUT 1 "zero";
    .port_info 2 /INPUT 8 "A";
    .port_info 3 /INPUT 8 "B";
    .port_info 4 /INPUT 3 "Op";
v0x55f05bca8510_0 .net "A", 7 0, L_0x55f05bcbcf50;  alias, 1 drivers
v0x55f05bca8610_0 .net "B", 7 0, L_0x55f05bcbd660;  alias, 1 drivers
v0x55f05bca86f0_0 .net "Op", 2 0, v0x55f05bcaba40_0;  alias, 1 drivers
v0x55f05bca87e0_0 .var "S", 7 0;
v0x55f05bca88d0_0 .var "zero", 0 0;
E_0x55f05bc776c0 .event edge, v0x55f05bca86f0_0, v0x55f05bca8610_0, v0x55f05bca8510_0;
S_0x55f05bca8a60 .scope module, "registros" "regfile" 3 16, 5 4 0, S_0x55f05bc68e20;
 .timescale -9 -11;
    .port_info 0 /OUTPUT 8 "RD1";
    .port_info 1 /OUTPUT 8 "RD2";
    .port_info 2 /INPUT 1 "clk";
    .port_info 3 /INPUT 1 "we3";
    .port_info 4 /INPUT 4 "RA1";
    .port_info 5 /INPUT 4 "RA2";
    .port_info 6 /INPUT 4 "WA3";
    .port_info 7 /INPUT 8 "WD3";
v0x55f05bca8da0 .array "R", 15 0, 7 0;
v0x55f05bca8e80_0 .net "RA1", 3 0, L_0x55f05bcbd7b0;  1 drivers
v0x55f05bca8f60_0 .net "RA2", 3 0, L_0x55f05bcbd850;  1 drivers
v0x55f05bca9020_0 .net "RD1", 7 0, L_0x55f05bcbcf50;  alias, 1 drivers
v0x55f05bca9110_0 .net "RD2", 7 0, L_0x55f05bcbd660;  alias, 1 drivers
v0x55f05bca9200_0 .net "WA3", 3 0, L_0x55f05bcbd8f0;  1 drivers
v0x55f05bca92c0_0 .net "WD3", 7 0, L_0x55f05bcbc860;  alias, 1 drivers
v0x55f05bca93b0_0 .net *"_ivl_0", 31 0, L_0x55f05bcbcac0;  1 drivers
v0x55f05bca9470_0 .net *"_ivl_10", 5 0, L_0x55f05bcbcd40;  1 drivers
L_0x7f38b3669138 .functor BUFT 1, C4<00>, C4<0>, C4<0>, C4<0>;
v0x55f05bca9550_0 .net *"_ivl_13", 1 0, L_0x7f38b3669138;  1 drivers
L_0x7f38b3669180 .functor BUFT 1, C4<00000000>, C4<0>, C4<0>, C4<0>;
v0x55f05bca9630_0 .net/2u *"_ivl_14", 7 0, L_0x7f38b3669180;  1 drivers
v0x55f05bca9710_0 .net *"_ivl_18", 31 0, L_0x55f05bcbd0e0;  1 drivers
L_0x7f38b36691c8 .functor BUFT 1, C4<0000000000000000000000000000>, C4<0>, C4<0>, C4<0>;
v0x55f05bca97f0_0 .net *"_ivl_21", 27 0, L_0x7f38b36691c8;  1 drivers
L_0x7f38b3669210 .functor BUFT 1, C4<00000000000000000000000000000000>, C4<0>, C4<0>, C4<0>;
v0x55f05bca98d0_0 .net/2u *"_ivl_22", 31 0, L_0x7f38b3669210;  1 drivers
v0x55f05bca99b0_0 .net *"_ivl_24", 0 0, L_0x55f05bcbd210;  1 drivers
v0x55f05bca9a70_0 .net *"_ivl_26", 7 0, L_0x55f05bcbd350;  1 drivers
v0x55f05bca9b50_0 .net *"_ivl_28", 5 0, L_0x55f05bcbd440;  1 drivers
L_0x7f38b36690a8 .functor BUFT 1, C4<0000000000000000000000000000>, C4<0>, C4<0>, C4<0>;
v0x55f05bca9c30_0 .net *"_ivl_3", 27 0, L_0x7f38b36690a8;  1 drivers
L_0x7f38b3669258 .functor BUFT 1, C4<00>, C4<0>, C4<0>, C4<0>;
v0x55f05bca9d10_0 .net *"_ivl_31", 1 0, L_0x7f38b3669258;  1 drivers
L_0x7f38b36692a0 .functor BUFT 1, C4<00000000>, C4<0>, C4<0>, C4<0>;
v0x55f05bca9df0_0 .net/2u *"_ivl_32", 7 0, L_0x7f38b36692a0;  1 drivers
L_0x7f38b36690f0 .functor BUFT 1, C4<00000000000000000000000000000000>, C4<0>, C4<0>, C4<0>;
v0x55f05bca9ed0_0 .net/2u *"_ivl_4", 31 0, L_0x7f38b36690f0;  1 drivers
v0x55f05bca9fb0_0 .net *"_ivl_6", 0 0, L_0x55f05bcbcb60;  1 drivers
v0x55f05bcaa070_0 .net *"_ivl_8", 7 0, L_0x55f05bcbcca0;  1 drivers
v0x55f05bcaa150_0 .net "clk", 0 0, v0x55f05bcabbe0_0;  alias, 1 drivers
v0x55f05bcaa1f0_0 .net "we3", 0 0, v0x55f05bcabf50_0;  alias, 1 drivers
E_0x55f05bc55a70 .event posedge, v0x55f05bca66d0_0;
L_0x55f05bcbcac0 .concat [ 4 28 0 0], L_0x55f05bcbd7b0, L_0x7f38b36690a8;
L_0x55f05bcbcb60 .cmp/ne 32, L_0x55f05bcbcac0, L_0x7f38b36690f0;
L_0x55f05bcbcca0 .array/port v0x55f05bca8da0, L_0x55f05bcbcd40;
L_0x55f05bcbcd40 .concat [ 4 2 0 0], L_0x55f05bcbd7b0, L_0x7f38b3669138;
L_0x55f05bcbcf50 .functor MUXZ 8, L_0x7f38b3669180, L_0x55f05bcbcca0, L_0x55f05bcbcb60, C4<>;
L_0x55f05bcbd0e0 .concat [ 4 28 0 0], L_0x55f05bcbd850, L_0x7f38b36691c8;
L_0x55f05bcbd210 .cmp/ne 32, L_0x55f05bcbd0e0, L_0x7f38b3669210;
L_0x55f05bcbd350 .array/port v0x55f05bca8da0, L_0x55f05bcbd440;
L_0x55f05bcbd440 .concat [ 4 2 0 0], L_0x55f05bcbd850, L_0x7f38b3669258;
L_0x55f05bcbd660 .functor MUXZ 8, L_0x7f38b36692a0, L_0x55f05bcbd350, L_0x55f05bcbd210, C4<>;
S_0x55f05bcaa400 .scope module, "z_flag" "ffd" 3 19, 5 56 0, S_0x55f05bc68e20;
 .timescale -9 -11;
    .port_info 0 /INPUT 1 "clk";
    .port_info 1 /INPUT 1 "reset";
    .port_info 2 /INPUT 1 "d";
    .port_info 3 /INPUT 1 "carga";
    .port_info 4 /OUTPUT 1 "q";
v0x55f05bcaa610_0 .net "carga", 0 0, v0x55f05bcac040_0;  alias, 1 drivers
v0x55f05bcaa6f0_0 .net "clk", 0 0, v0x55f05bcabbe0_0;  alias, 1 drivers
v0x55f05bcaa7b0_0 .net "d", 0 0, v0x55f05bca88d0_0;  alias, 1 drivers
v0x55f05bcaa8b0_0 .var "q", 0 0;
v0x55f05bcaa950_0 .net "reset", 0 0, v0x55f05bcabc80_0;  alias, 1 drivers
    .scope S_0x55f05bca6810;
T_0 ;
    %wait E_0x55f05bc773c0;
    %load/vec4 v0x55f05bca6d10_0;
    %flag_set/vec4 8;
    %jmp/0xz  T_0.0, 8;
    %pushi/vec4 0, 0, 10;
    %assign/vec4 v0x55f05bca6bb0_0, 0;
    %jmp T_0.1;
T_0.0 ;
    %load/vec4 v0x55f05bca6ab0_0;
    %assign/vec4 v0x55f05bca6bb0_0, 0;
T_0.1 ;
    %jmp T_0;
    .thread T_0;
    .scope S_0x55f05bc82dc0;
T_1 ;
    %vpi_call 4 11 "$readmemb", "progfile.dat", v0x55f05bc87db0 {0 0 0};
    %end;
    .thread T_1;
    .scope S_0x55f05bca8a60;
T_2 ;
    %vpi_call 5 14 "$readmemb", "regfile.dat", v0x55f05bca8da0 {0 0 0};
    %end;
    .thread T_2;
    .scope S_0x55f05bca8a60;
T_3 ;
    %wait E_0x55f05bc55a70;
    %load/vec4 v0x55f05bcaa1f0_0;
    %flag_set/vec4 8;
    %jmp/0xz  T_3.0, 8;
    %load/vec4 v0x55f05bca92c0_0;
    %load/vec4 v0x55f05bca9200_0;
    %pad/u 6;
    %ix/vec4 3;
    %ix/load 4, 0, 0; Constant delay
    %assign/vec4/a/d v0x55f05bca8da0, 0, 4;
T_3.0 ;
    %jmp T_3;
    .thread T_3;
    .scope S_0x55f05bca8270;
T_4 ;
    %wait E_0x55f05bc776c0;
    %load/vec4 v0x55f05bca86f0_0;
    %dup/vec4;
    %pushi/vec4 0, 0, 3;
    %cmp/u;
    %jmp/1 T_4.0, 6;
    %dup/vec4;
    %pushi/vec4 1, 0, 3;
    %cmp/u;
    %jmp/1 T_4.1, 6;
    %dup/vec4;
    %pushi/vec4 2, 0, 3;
    %cmp/u;
    %jmp/1 T_4.2, 6;
    %dup/vec4;
    %pushi/vec4 3, 0, 3;
    %cmp/u;
    %jmp/1 T_4.3, 6;
    %dup/vec4;
    %pushi/vec4 4, 0, 3;
    %cmp/u;
    %jmp/1 T_4.4, 6;
    %dup/vec4;
    %pushi/vec4 5, 0, 3;
    %cmp/u;
    %jmp/1 T_4.5, 6;
    %dup/vec4;
    %pushi/vec4 6, 0, 3;
    %cmp/u;
    %jmp/1 T_4.6, 6;
    %dup/vec4;
    %pushi/vec4 7, 0, 3;
    %cmp/u;
    %jmp/1 T_4.7, 6;
    %pushi/vec4 255, 255, 8;
    %store/vec4 v0x55f05bca87e0_0, 0, 8;
    %jmp T_4.9;
T_4.0 ;
    %load/vec4 v0x55f05bca8510_0;
    %store/vec4 v0x55f05bca87e0_0, 0, 8;
    %jmp T_4.9;
T_4.1 ;
    %load/vec4 v0x55f05bca8510_0;
    %inv;
    %store/vec4 v0x55f05bca87e0_0, 0, 8;
    %jmp T_4.9;
T_4.2 ;
    %load/vec4 v0x55f05bca8510_0;
    %load/vec4 v0x55f05bca8610_0;
    %add;
    %store/vec4 v0x55f05bca87e0_0, 0, 8;
    %jmp T_4.9;
T_4.3 ;
    %load/vec4 v0x55f05bca8510_0;
    %load/vec4 v0x55f05bca8610_0;
    %sub;
    %store/vec4 v0x55f05bca87e0_0, 0, 8;
    %jmp T_4.9;
T_4.4 ;
    %load/vec4 v0x55f05bca8510_0;
    %load/vec4 v0x55f05bca8610_0;
    %and;
    %store/vec4 v0x55f05bca87e0_0, 0, 8;
    %jmp T_4.9;
T_4.5 ;
    %load/vec4 v0x55f05bca8510_0;
    %load/vec4 v0x55f05bca8610_0;
    %or;
    %store/vec4 v0x55f05bca87e0_0, 0, 8;
    %jmp T_4.9;
T_4.6 ;
    %load/vec4 v0x55f05bca8510_0;
    %inv;
    %pushi/vec4 1, 0, 8;
    %add;
    %store/vec4 v0x55f05bca87e0_0, 0, 8;
    %jmp T_4.9;
T_4.7 ;
    %load/vec4 v0x55f05bca8610_0;
    %inv;
    %pushi/vec4 1, 0, 8;
    %add;
    %store/vec4 v0x55f05bca87e0_0, 0, 8;
    %jmp T_4.9;
T_4.9 ;
    %pop/vec4 1;
    %load/vec4 v0x55f05bca87e0_0;
    %or/r;
    %inv;
    %store/vec4 v0x55f05bca88d0_0, 0, 1;
    %jmp T_4;
    .thread T_4, $push;
    .scope S_0x55f05bcaa400;
T_5 ;
    %wait E_0x55f05bc773c0;
    %load/vec4 v0x55f05bcaa950_0;
    %flag_set/vec4 8;
    %jmp/0xz  T_5.0, 8;
    %pushi/vec4 0, 0, 1;
    %assign/vec4 v0x55f05bcaa8b0_0, 0;
    %jmp T_5.1;
T_5.0 ;
    %load/vec4 v0x55f05bcaa610_0;
    %flag_set/vec4 8;
    %jmp/0xz  T_5.2, 8;
    %load/vec4 v0x55f05bcaa7b0_0;
    %assign/vec4 v0x55f05bcaa8b0_0, 0;
T_5.2 ;
T_5.1 ;
    %jmp T_5;
    .thread T_5;
    .scope S_0x55f05bc61df0;
T_6 ;
    %delay 1000, 0;
    %load/vec4 v0x55f05bcabbe0_0;
    %inv;
    %store/vec4 v0x55f05bcabbe0_0, 0, 1;
    %jmp T_6;
    .thread T_6;
    .scope S_0x55f05bc61df0;
T_7 ;
    %vpi_call 2 27 "$dumpfile", "microc_tb.vcd" {0 0 0};
    %vpi_call 2 28 "$dumpvars" {0 0 0};
    %pushi/vec4 1, 0, 1;
    %store/vec4 v0x55f05bcabbe0_0, 0, 1;
    %pushi/vec4 1, 0, 1;
    %store/vec4 v0x55f05bcabc80_0, 0, 1;
    %delay 500, 0;
    %pushi/vec4 0, 0, 1;
    %store/vec4 v0x55f05bcabc80_0, 0, 1;
    %delay 500, 0;
    %pushi/vec4 0, 0, 1;
    %store/vec4 v0x55f05bcabd20_0, 0, 1;
    %pushi/vec4 0, 0, 1;
    %store/vec4 v0x55f05bcabe60_0, 0, 1;
    %pushi/vec4 0, 0, 1;
    %store/vec4 v0x55f05bcabf50_0, 0, 1;
    %pushi/vec4 0, 0, 1;
    %store/vec4 v0x55f05bcac040_0, 0, 1;
    %pushi/vec4 0, 0, 3;
    %store/vec4 v0x55f05bcaba40_0, 0, 3;
    %end;
    .thread T_7;
    .scope S_0x55f05bc61df0;
T_8 ;
    %delay 3000, 0;
    %pushi/vec4 1, 0, 1;
    %store/vec4 v0x55f05bcabd20_0, 0, 1;
    %pushi/vec4 1, 0, 1;
    %store/vec4 v0x55f05bcabe60_0, 0, 1;
    %pushi/vec4 1, 0, 1;
    %store/vec4 v0x55f05bcabf50_0, 0, 1;
    %delay 2000, 0;
    %delay 2000, 0;
    %delay 2000, 0;
    %delay 2000, 0;
    %pushi/vec4 0, 0, 1;
    %store/vec4 v0x55f05bcabe60_0, 0, 1;
    %pushi/vec4 1, 0, 1;
    %store/vec4 v0x55f05bcac040_0, 0, 1;
    %pushi/vec4 2, 0, 3;
    %store/vec4 v0x55f05bcaba40_0, 0, 3;
    %delay 2000, 0;
    %pushi/vec4 3, 0, 3;
    %store/vec4 v0x55f05bcaba40_0, 0, 3;
    %delay 2000, 0;
    %pushi/vec4 0, 0, 1;
    %store/vec4 v0x55f05bcabd20_0, 0, 1;
    %pushi/vec4 0, 0, 1;
    %store/vec4 v0x55f05bcabf50_0, 0, 1;
    %pushi/vec4 0, 0, 1;
    %store/vec4 v0x55f05bcac040_0, 0, 1;
    %pushi/vec4 0, 0, 3;
    %store/vec4 v0x55f05bcaba40_0, 0, 3;
    %delay 2000, 0;
    %pushi/vec4 1, 0, 1;
    %store/vec4 v0x55f05bcabd20_0, 0, 1;
    %pushi/vec4 1, 0, 1;
    %store/vec4 v0x55f05bcabf50_0, 0, 1;
    %pushi/vec4 1, 0, 1;
    %store/vec4 v0x55f05bcac040_0, 0, 1;
    %pushi/vec4 2, 0, 3;
    %store/vec4 v0x55f05bcaba40_0, 0, 3;
    %delay 2000, 0;
    %pushi/vec4 3, 0, 3;
    %store/vec4 v0x55f05bcaba40_0, 0, 3;
    %delay 2000, 0;
    %pushi/vec4 0, 0, 1;
    %store/vec4 v0x55f05bcabf50_0, 0, 1;
    %pushi/vec4 0, 0, 1;
    %store/vec4 v0x55f05bcac040_0, 0, 1;
    %pushi/vec4 0, 0, 3;
    %store/vec4 v0x55f05bcaba40_0, 0, 3;
    %delay 2000, 0;
    %pushi/vec4 0, 0, 1;
    %store/vec4 v0x55f05bcabd20_0, 0, 1;
    %delay 2000, 0;
    %delay 2000, 0;
    %vpi_call 2 104 "$finish" {0 0 0};
    %end;
    .thread T_8;
# The file index is used to find the file name in the following table.
:file_names 7;
    "N/A";
    "<interactive>";
    "microc_tb.v";
    "microc.v";
    "memprog.v";
    "componentes.v";
    "alu.v";
